<?xml version="1.0" encoding="UTF-8"?>
<coverage generated="1723553169524" clover="3.2.0">
  <project timestamp="1723553169524" name="All files">
    <metrics statements="2" coveredstatements="0" conditionals="0" coveredconditionals="0" methods="3" coveredmethods="0" elements="5" coveredelements="0" complexity="0" loc="2" ncloc="2" packages="1" files="1" classes="1"/>
    <file name="App.tsx" path="/Users/linus/Documents/GitHub/Enhet-integration-testning/src/App.tsx">
      <metrics statements="2" coveredstatements="0" conditionals="0" coveredconditionals="0" methods="3" coveredmethods="0"/>
      <line num="7" count="0" type="stmt"/>
      <line num="21" count="0" type="stmt"/>
    </file>
  </project>
</coverage>
